<?xml version="1.0" encoding="UTF-8"?>
<!-- Generated by org.testng.reporters.JUnitReportReporter -->
<testsuite hostname="DESKTOP-51VO000" failures="0" tests="1" name="amazonpackage.Testngclass" time="14.440" errors="0" timestamp="2023-02-10T19:38:37 IST" skipped="0">
  <testcase classname="amazonpackage.Testngclass" name="test" time="14.440"/>
  <system-out/>
</testsuite> <!-- amazonpackage.Testngclass -->
