<?xml version="1.0" encoding="UTF-8"?>
<!-- Generated by org.testng.reporters.JUnitReportReporter -->
<testsuite hostname="DESKTOP-51VO000" failures="0" tests="1" name="amazonpackage.CrossBrowsertesting" time="6.748" errors="0" timestamp="2023-02-10T16:04:08 IST" skipped="0">
  <testcase classname="amazonpackage.CrossBrowsertesting" name="test" time="6.748"/>
  <system-out/>
</testsuite> <!-- amazonpackage.CrossBrowsertesting -->
